NOTE: Picked up JDK_JAVA_OPTIONS:  --add-opens=java.base/java.lang=ALL-UNNAMED --add-opens=java.base/java.io=ALL-UNNAMED --add-opens=java.rmi/sun.rmi.transport=ALL-UNNAMED
01-Jan-2021 18:21:41.895 INFO [main] org.apache.catalina.startup.VersionLoggerListener.log Server version name:   Apache Tomcat/9.0.29
01-Jan-2021 18:21:41.901 INFO [main] org.apache.catalina.startup.VersionLoggerListener.log Server built:          Nov 16 2019 17:29:07 UTC
01-Jan-2021 18:21:41.901 INFO [main] org.apache.catalina.startup.VersionLoggerListener.log Server version number: 9.0.29.0
01-Jan-2021 18:21:41.901 INFO [main] org.apache.catalina.startup.VersionLoggerListener.log OS Name:               Linux
01-Jan-2021 18:21:41.902 INFO [main] org.apache.catalina.startup.VersionLoggerListener.log OS Version:            4.15.0-122-generic
01-Jan-2021 18:21:41.921 INFO [main] org.apache.catalina.startup.VersionLoggerListener.log Architecture:          amd64
01-Jan-2021 18:21:41.922 INFO [main] org.apache.catalina.startup.VersionLoggerListener.log Java Home:             /usr/lib/jvm/jdk-11.0.5
01-Jan-2021 18:21:41.922 INFO [main] org.apache.catalina.startup.VersionLoggerListener.log JVM Version:           11.0.5+10-LTS
01-Jan-2021 18:21:41.922 INFO [main] org.apache.catalina.startup.VersionLoggerListener.log JVM Vendor:            Oracle Corporation
01-Jan-2021 18:21:41.923 INFO [main] org.apache.catalina.startup.VersionLoggerListener.log CATALINA_BASE:         /home/enisonoliveira/Documentos/sicredi/apache-tomcat-9.0.29
01-Jan-2021 18:21:41.923 INFO [main] org.apache.catalina.startup.VersionLoggerListener.log CATALINA_HOME:         /home/enisonoliveira/Documentos/sicredi/apache-tomcat-9.0.29
01-Jan-2021 18:21:42.074 INFO [main] org.apache.catalina.startup.VersionLoggerListener.log Command line argument: --add-opens=java.base/java.lang=ALL-UNNAMED
01-Jan-2021 18:21:42.074 INFO [main] org.apache.catalina.startup.VersionLoggerListener.log Command line argument: --add-opens=java.base/java.io=ALL-UNNAMED
01-Jan-2021 18:21:42.075 INFO [main] org.apache.catalina.startup.VersionLoggerListener.log Command line argument: --add-opens=java.rmi/sun.rmi.transport=ALL-UNNAMED
01-Jan-2021 18:21:42.075 INFO [main] org.apache.catalina.startup.VersionLoggerListener.log Command line argument: -Djava.util.logging.config.file=/home/enisonoliveira/Documentos/sicredi/apache-tomcat-9.0.29/conf/logging.properties
01-Jan-2021 18:21:42.075 INFO [main] org.apache.catalina.startup.VersionLoggerListener.log Command line argument: -Djava.util.logging.manager=org.apache.juli.ClassLoaderLogManager
01-Jan-2021 18:21:42.075 INFO [main] org.apache.catalina.startup.VersionLoggerListener.log Command line argument: -Djdk.tls.ephemeralDHKeySize=2048
01-Jan-2021 18:21:42.075 INFO [main] org.apache.catalina.startup.VersionLoggerListener.log Command line argument: -Djava.protocol.handler.pkgs=org.apache.catalina.webresources
01-Jan-2021 18:21:42.076 INFO [main] org.apache.catalina.startup.VersionLoggerListener.log Command line argument: -Dorg.apache.catalina.security.SecurityListener.UMASK=0027
01-Jan-2021 18:21:42.076 INFO [main] org.apache.catalina.startup.VersionLoggerListener.log Command line argument: -Dignore.endorsed.dirs=
01-Jan-2021 18:21:42.076 INFO [main] org.apache.catalina.startup.VersionLoggerListener.log Command line argument: -Dcatalina.base=/home/enisonoliveira/Documentos/sicredi/apache-tomcat-9.0.29
01-Jan-2021 18:21:42.076 INFO [main] org.apache.catalina.startup.VersionLoggerListener.log Command line argument: -Dcatalina.home=/home/enisonoliveira/Documentos/sicredi/apache-tomcat-9.0.29
01-Jan-2021 18:21:42.077 INFO [main] org.apache.catalina.startup.VersionLoggerListener.log Command line argument: -Djava.io.tmpdir=/home/enisonoliveira/Documentos/sicredi/apache-tomcat-9.0.29/temp
01-Jan-2021 18:21:42.077 INFO [main] org.apache.catalina.core.AprLifecycleListener.lifecycleEvent The APR based Apache Tomcat Native library which allows optimal performance in production environments was not found on the java.library.path: [/usr/java/packages/lib:/usr/lib64:/lib64:/lib:/usr/lib]
01-Jan-2021 18:21:42.716 INFO [main] org.apache.coyote.AbstractProtocol.init Initializing ProtocolHandler ["http-nio-8080"]
01-Jan-2021 18:21:42.815 INFO [main] org.apache.coyote.AbstractProtocol.init Initializing ProtocolHandler ["ajp-nio-8009"]
01-Jan-2021 18:21:42.844 INFO [main] org.apache.catalina.startup.Catalina.load Server initialization in [2.264] milliseconds
01-Jan-2021 18:21:43.012 INFO [main] org.apache.catalina.core.StandardService.startInternal Starting service [Catalina]
01-Jan-2021 18:21:43.012 INFO [main] org.apache.catalina.core.StandardEngine.startInternal Starting Servlet engine: [Apache Tomcat/9.0.29]
01-Jan-2021 18:21:43.136 INFO [main] org.apache.catalina.startup.HostConfig.deployDirectory Diretório de instalação da aplicação web [/home/enisonoliveira/Documentos/sicredi/apache-tomcat-9.0.29/webapps/host-manager]
01-Jan-2021 18:21:43.870 WARNING [main] org.apache.catalina.util.SessionIdGeneratorBase.createSecureRandom Creation of SecureRandom instance for session ID generation using [SHA1PRNG] took [208] milliseconds.
01-Jan-2021 18:21:43.912 INFO [main] org.apache.catalina.startup.HostConfig.deployDirectory Deployment of web application directory [/home/enisonoliveira/Documentos/sicredi/apache-tomcat-9.0.29/webapps/host-manager] has finished in [777] ms
01-Jan-2021 18:21:43.914 INFO [main] org.apache.catalina.startup.HostConfig.deployDirectory Diretório de instalação da aplicação web [/home/enisonoliveira/Documentos/sicredi/apache-tomcat-9.0.29/webapps/ROOT]
01-Jan-2021 18:21:43.954 INFO [main] org.apache.catalina.startup.HostConfig.deployDirectory Deployment of web application directory [/home/enisonoliveira/Documentos/sicredi/apache-tomcat-9.0.29/webapps/ROOT] has finished in [40] ms
01-Jan-2021 18:21:43.956 INFO [main] org.apache.catalina.startup.HostConfig.deployDirectory Diretório de instalação da aplicação web [/home/enisonoliveira/Documentos/sicredi/apache-tomcat-9.0.29/webapps/docs]
01-Jan-2021 18:21:43.994 INFO [main] org.apache.catalina.startup.HostConfig.deployDirectory Deployment of web application directory [/home/enisonoliveira/Documentos/sicredi/apache-tomcat-9.0.29/webapps/docs] has finished in [37] ms
01-Jan-2021 18:21:43.994 INFO [main] org.apache.catalina.startup.HostConfig.deployDirectory Diretório de instalação da aplicação web [/home/enisonoliveira/Documentos/sicredi/apache-tomcat-9.0.29/webapps/examples]
01-Jan-2021 18:21:44.534 INFO [main] org.apache.catalina.startup.HostConfig.deployDirectory Deployment of web application directory [/home/enisonoliveira/Documentos/sicredi/apache-tomcat-9.0.29/webapps/examples] has finished in [540] ms
01-Jan-2021 18:21:44.537 INFO [main] org.apache.catalina.startup.HostConfig.deployDirectory Diretório de instalação da aplicação web [/home/enisonoliveira/Documentos/sicredi/apache-tomcat-9.0.29/webapps/manager]
01-Jan-2021 18:21:44.581 INFO [main] org.apache.catalina.startup.HostConfig.deployDirectory Deployment of web application directory [/home/enisonoliveira/Documentos/sicredi/apache-tomcat-9.0.29/webapps/manager] has finished in [44] ms
01-Jan-2021 18:21:44.595 INFO [main] org.apache.coyote.AbstractProtocol.start Starting ProtocolHandler ["http-nio-8080"]
01-Jan-2021 18:21:44.634 INFO [main] org.apache.coyote.AbstractProtocol.start Starting ProtocolHandler ["ajp-nio-8009"]
01-Jan-2021 18:21:44.673 INFO [main] org.apache.catalina.startup.Catalina.start Server startup in [1.828] milliseconds
01-Jan-2021 18:31:28.489 INFO [main] org.apache.catalina.core.StandardServer.await A valid shutdown command was received via the shutdown port. Stopping the Server instance.
01-Jan-2021 18:31:28.490 INFO [main] org.apache.coyote.AbstractProtocol.pause Pausing ProtocolHandler ["http-nio-8080"]
01-Jan-2021 18:31:28.494 INFO [main] org.apache.coyote.AbstractProtocol.pause Pausing ProtocolHandler ["ajp-nio-8009"]
01-Jan-2021 18:31:28.501 INFO [main] org.apache.catalina.core.StandardService.stopInternal Stopping service [Catalina]
01-Jan-2021 18:31:28.781 INFO [main] org.apache.coyote.AbstractProtocol.stop Stopping ProtocolHandler ["http-nio-8080"]
01-Jan-2021 18:31:28.788 INFO [main] org.apache.coyote.AbstractProtocol.stop Stopping ProtocolHandler ["ajp-nio-8009"]
01-Jan-2021 18:31:28.792 INFO [main] org.apache.coyote.AbstractProtocol.destroy Destroying ProtocolHandler ["http-nio-8080"]
01-Jan-2021 18:31:28.795 INFO [main] org.apache.coyote.AbstractProtocol.destroy Destroying ProtocolHandler ["ajp-nio-8009"]
NOTE: Picked up JDK_JAVA_OPTIONS:  --add-opens=java.base/java.lang=ALL-UNNAMED --add-opens=java.base/java.io=ALL-UNNAMED --add-opens=java.rmi/sun.rmi.transport=ALL-UNNAMED
01-Jan-2021 18:31:29.656 INFO [main] org.apache.catalina.startup.VersionLoggerListener.log Server version name:   Apache Tomcat/9.0.29
01-Jan-2021 18:31:29.676 INFO [main] org.apache.catalina.startup.VersionLoggerListener.log Server built:          Nov 16 2019 17:29:07 UTC
01-Jan-2021 18:31:29.676 INFO [main] org.apache.catalina.startup.VersionLoggerListener.log Server version number: 9.0.29.0
01-Jan-2021 18:31:29.676 INFO [main] org.apache.catalina.startup.VersionLoggerListener.log OS Name:               Linux
01-Jan-2021 18:31:29.676 INFO [main] org.apache.catalina.startup.VersionLoggerListener.log OS Version:            4.15.0-122-generic
01-Jan-2021 18:31:29.683 INFO [main] org.apache.catalina.startup.VersionLoggerListener.log Architecture:          amd64
01-Jan-2021 18:31:29.684 INFO [main] org.apache.catalina.startup.VersionLoggerListener.log Java Home:             /usr/lib/jvm/jdk-11.0.5
01-Jan-2021 18:31:29.684 INFO [main] org.apache.catalina.startup.VersionLoggerListener.log JVM Version:           11.0.5+10-LTS
01-Jan-2021 18:31:29.684 INFO [main] org.apache.catalina.startup.VersionLoggerListener.log JVM Vendor:            Oracle Corporation
01-Jan-2021 18:31:29.684 INFO [main] org.apache.catalina.startup.VersionLoggerListener.log CATALINA_BASE:         /home/enisonoliveira/Documentos/sicredi/apache-tomcat-9.0.29
01-Jan-2021 18:31:29.685 INFO [main] org.apache.catalina.startup.VersionLoggerListener.log CATALINA_HOME:         /home/enisonoliveira/Documentos/sicredi/apache-tomcat-9.0.29
01-Jan-2021 18:31:29.706 INFO [main] org.apache.catalina.startup.VersionLoggerListener.log Command line argument: --add-opens=java.base/java.lang=ALL-UNNAMED
01-Jan-2021 18:31:29.706 INFO [main] org.apache.catalina.startup.VersionLoggerListener.log Command line argument: --add-opens=java.base/java.io=ALL-UNNAMED
01-Jan-2021 18:31:29.707 INFO [main] org.apache.catalina.startup.VersionLoggerListener.log Command line argument: --add-opens=java.rmi/sun.rmi.transport=ALL-UNNAMED
01-Jan-2021 18:31:29.707 INFO [main] org.apache.catalina.startup.VersionLoggerListener.log Command line argument: -Djava.util.logging.config.file=/home/enisonoliveira/Documentos/sicredi/apache-tomcat-9.0.29/conf/logging.properties
01-Jan-2021 18:31:29.707 INFO [main] org.apache.catalina.startup.VersionLoggerListener.log Command line argument: -Djava.util.logging.manager=org.apache.juli.ClassLoaderLogManager
01-Jan-2021 18:31:29.707 INFO [main] org.apache.catalina.startup.VersionLoggerListener.log Command line argument: -Djdk.tls.ephemeralDHKeySize=2048
01-Jan-2021 18:31:29.707 INFO [main] org.apache.catalina.startup.VersionLoggerListener.log Command line argument: -Djava.protocol.handler.pkgs=org.apache.catalina.webresources
01-Jan-2021 18:31:29.708 INFO [main] org.apache.catalina.startup.VersionLoggerListener.log Command line argument: -Dorg.apache.catalina.security.SecurityListener.UMASK=0027
01-Jan-2021 18:31:29.708 INFO [main] org.apache.catalina.startup.VersionLoggerListener.log Command line argument: -Dignore.endorsed.dirs=
01-Jan-2021 18:31:29.708 INFO [main] org.apache.catalina.startup.VersionLoggerListener.log Command line argument: -Dcatalina.base=/home/enisonoliveira/Documentos/sicredi/apache-tomcat-9.0.29
01-Jan-2021 18:31:29.708 INFO [main] org.apache.catalina.startup.VersionLoggerListener.log Command line argument: -Dcatalina.home=/home/enisonoliveira/Documentos/sicredi/apache-tomcat-9.0.29
01-Jan-2021 18:31:29.708 INFO [main] org.apache.catalina.startup.VersionLoggerListener.log Command line argument: -Djava.io.tmpdir=/home/enisonoliveira/Documentos/sicredi/apache-tomcat-9.0.29/temp
01-Jan-2021 18:31:29.709 INFO [main] org.apache.catalina.core.AprLifecycleListener.lifecycleEvent The APR based Apache Tomcat Native library which allows optimal performance in production environments was not found on the java.library.path: [/usr/java/packages/lib:/usr/lib64:/lib64:/lib:/usr/lib]
01-Jan-2021 18:31:30.275 INFO [main] org.apache.coyote.AbstractProtocol.init Initializing ProtocolHandler ["http-nio-8080"]
01-Jan-2021 18:31:30.322 INFO [main] org.apache.coyote.AbstractProtocol.init Initializing ProtocolHandler ["ajp-nio-8009"]
01-Jan-2021 18:31:30.331 INFO [main] org.apache.catalina.startup.Catalina.load Server initialization in [1.063] milliseconds
01-Jan-2021 18:31:30.432 INFO [main] org.apache.catalina.core.StandardService.startInternal Starting service [Catalina]
01-Jan-2021 18:31:30.433 INFO [main] org.apache.catalina.core.StandardEngine.startInternal Starting Servlet engine: [Apache Tomcat/9.0.29]
01-Jan-2021 18:31:30.468 INFO [main] org.apache.catalina.startup.HostConfig.deployWAR Deploying web application archive [/home/enisonoliveira/Documentos/sicredi/apache-tomcat-9.0.29/webapps/sicredi-0.0.1-SNAPSHOT.war]
01-Jan-2021 18:31:34.629 INFO [main] org.apache.jasper.servlet.TldScanner.scanJars At least one JAR was scanned for TLDs yet contained no TLDs. Enable debug logging for this logger for a complete list of JARs that were scanned but no TLDs were found in them. Skipping unneeded JARs during scanning can improve startup time and JSP compilation time.
01-Jan-2021 18:31:34.708 INFO [main] org.apache.catalina.startup.HostConfig.deployWAR Deployment of web application archive [/home/enisonoliveira/Documentos/sicredi/apache-tomcat-9.0.29/webapps/sicredi-0.0.1-SNAPSHOT.war] has finished in [4.240] ms
01-Jan-2021 18:31:34.710 INFO [main] org.apache.catalina.startup.HostConfig.deployDirectory Diretório de instalação da aplicação web [/home/enisonoliveira/Documentos/sicredi/apache-tomcat-9.0.29/webapps/host-manager]
01-Jan-2021 18:31:34.773 INFO [main] org.apache.catalina.startup.HostConfig.deployDirectory Deployment of web application directory [/home/enisonoliveira/Documentos/sicredi/apache-tomcat-9.0.29/webapps/host-manager] has finished in [63] ms
01-Jan-2021 18:31:34.776 INFO [main] org.apache.catalina.startup.HostConfig.deployDirectory Diretório de instalação da aplicação web [/home/enisonoliveira/Documentos/sicredi/apache-tomcat-9.0.29/webapps/ROOT]
01-Jan-2021 18:31:34.823 INFO [main] org.apache.catalina.startup.HostConfig.deployDirectory Deployment of web application directory [/home/enisonoliveira/Documentos/sicredi/apache-tomcat-9.0.29/webapps/ROOT] has finished in [47] ms
01-Jan-2021 18:31:34.827 INFO [main] org.apache.catalina.startup.HostConfig.deployDirectory Diretório de instalação da aplicação web [/home/enisonoliveira/Documentos/sicredi/apache-tomcat-9.0.29/webapps/docs]
01-Jan-2021 18:31:34.877 INFO [main] org.apache.catalina.startup.HostConfig.deployDirectory Deployment of web application directory [/home/enisonoliveira/Documentos/sicredi/apache-tomcat-9.0.29/webapps/docs] has finished in [50] ms
01-Jan-2021 18:31:34.877 INFO [main] org.apache.catalina.startup.HostConfig.deployDirectory Diretório de instalação da aplicação web [/home/enisonoliveira/Documentos/sicredi/apache-tomcat-9.0.29/webapps/examples]
01-Jan-2021 18:31:35.352 INFO [main] org.apache.catalina.startup.HostConfig.deployDirectory Deployment of web application directory [/home/enisonoliveira/Documentos/sicredi/apache-tomcat-9.0.29/webapps/examples] has finished in [475] ms
01-Jan-2021 18:31:35.353 INFO [main] org.apache.catalina.startup.HostConfig.deployDirectory Diretório de instalação da aplicação web [/home/enisonoliveira/Documentos/sicredi/apache-tomcat-9.0.29/webapps/manager]
01-Jan-2021 18:31:35.392 INFO [main] org.apache.catalina.startup.HostConfig.deployDirectory Deployment of web application directory [/home/enisonoliveira/Documentos/sicredi/apache-tomcat-9.0.29/webapps/manager] has finished in [40] ms
01-Jan-2021 18:31:35.401 INFO [main] org.apache.coyote.AbstractProtocol.start Starting ProtocolHandler ["http-nio-8080"]
01-Jan-2021 18:31:35.423 INFO [main] org.apache.coyote.AbstractProtocol.start Starting ProtocolHandler ["ajp-nio-8009"]
01-Jan-2021 18:31:35.441 INFO [main] org.apache.catalina.startup.Catalina.start Server startup in [5.109] milliseconds
01-Jan-2021 18:37:05.729 INFO [Catalina-utility-2] org.apache.catalina.users.MemoryUserDatabase.backgroundProcess Reloading memory user database [UserDatabase] from updated source [file:/home/enisonoliveira/Documentos/sicredi/apache-tomcat-9.0.29/conf/tomcat-users.xml]
01-Jan-2021 18:37:20.435 INFO [main] org.apache.catalina.core.StandardServer.await A valid shutdown command was received via the shutdown port. Stopping the Server instance.
01-Jan-2021 18:37:20.442 INFO [main] org.apache.coyote.AbstractProtocol.pause Pausing ProtocolHandler ["http-nio-8080"]
01-Jan-2021 18:37:20.457 INFO [main] org.apache.coyote.AbstractProtocol.pause Pausing ProtocolHandler ["ajp-nio-8009"]
01-Jan-2021 18:37:20.459 INFO [main] org.apache.catalina.core.StandardService.stopInternal Stopping service [Catalina]
01-Jan-2021 18:37:20.699 INFO [main] org.apache.coyote.AbstractProtocol.stop Stopping ProtocolHandler ["http-nio-8080"]
01-Jan-2021 18:37:20.711 INFO [main] org.apache.coyote.AbstractProtocol.stop Stopping ProtocolHandler ["ajp-nio-8009"]
01-Jan-2021 18:37:20.726 INFO [main] org.apache.coyote.AbstractProtocol.destroy Destroying ProtocolHandler ["http-nio-8080"]
01-Jan-2021 18:37:20.742 INFO [main] org.apache.coyote.AbstractProtocol.destroy Destroying ProtocolHandler ["ajp-nio-8009"]
NOTE: Picked up JDK_JAVA_OPTIONS:  --add-opens=java.base/java.lang=ALL-UNNAMED --add-opens=java.base/java.io=ALL-UNNAMED --add-opens=java.rmi/sun.rmi.transport=ALL-UNNAMED
01-Jan-2021 18:37:26.875 INFO [main] org.apache.catalina.startup.VersionLoggerListener.log Server version name:   Apache Tomcat/9.0.29
01-Jan-2021 18:37:26.888 INFO [main] org.apache.catalina.startup.VersionLoggerListener.log Server built:          Nov 16 2019 17:29:07 UTC
01-Jan-2021 18:37:26.890 INFO [main] org.apache.catalina.startup.VersionLoggerListener.log Server version number: 9.0.29.0
01-Jan-2021 18:37:26.892 INFO [main] org.apache.catalina.startup.VersionLoggerListener.log OS Name:               Linux
01-Jan-2021 18:37:26.894 INFO [main] org.apache.catalina.startup.VersionLoggerListener.log OS Version:            4.15.0-122-generic
01-Jan-2021 18:37:26.894 INFO [main] org.apache.catalina.startup.VersionLoggerListener.log Architecture:          amd64
01-Jan-2021 18:37:26.895 INFO [main] org.apache.catalina.startup.VersionLoggerListener.log Java Home:             /usr/lib/jvm/jdk-11.0.5
01-Jan-2021 18:37:26.899 INFO [main] org.apache.catalina.startup.VersionLoggerListener.log JVM Version:           11.0.5+10-LTS
01-Jan-2021 18:37:26.900 INFO [main] org.apache.catalina.startup.VersionLoggerListener.log JVM Vendor:            Oracle Corporation
01-Jan-2021 18:37:26.902 INFO [main] org.apache.catalina.startup.VersionLoggerListener.log CATALINA_BASE:         /home/enisonoliveira/Documentos/sicredi/apache-tomcat-9.0.29
01-Jan-2021 18:37:26.903 INFO [main] org.apache.catalina.startup.VersionLoggerListener.log CATALINA_HOME:         /home/enisonoliveira/Documentos/sicredi/apache-tomcat-9.0.29
01-Jan-2021 18:37:27.447 INFO [main] org.apache.catalina.startup.VersionLoggerListener.log Command line argument: --add-opens=java.base/java.lang=ALL-UNNAMED
01-Jan-2021 18:37:27.448 INFO [main] org.apache.catalina.startup.VersionLoggerListener.log Command line argument: --add-opens=java.base/java.io=ALL-UNNAMED
01-Jan-2021 18:37:27.448 INFO [main] org.apache.catalina.startup.VersionLoggerListener.log Command line argument: --add-opens=java.rmi/sun.rmi.transport=ALL-UNNAMED
01-Jan-2021 18:37:27.450 INFO [main] org.apache.catalina.startup.VersionLoggerListener.log Command line argument: -Djava.util.logging.config.file=/home/enisonoliveira/Documentos/sicredi/apache-tomcat-9.0.29/conf/logging.properties
01-Jan-2021 18:37:27.450 INFO [main] org.apache.catalina.startup.VersionLoggerListener.log Command line argument: -Djava.util.logging.manager=org.apache.juli.ClassLoaderLogManager
01-Jan-2021 18:37:27.450 INFO [main] org.apache.catalina.startup.VersionLoggerListener.log Command line argument: -Djdk.tls.ephemeralDHKeySize=2048
01-Jan-2021 18:37:27.450 INFO [main] org.apache.catalina.startup.VersionLoggerListener.log Command line argument: -Djava.protocol.handler.pkgs=org.apache.catalina.webresources
01-Jan-2021 18:37:27.450 INFO [main] org.apache.catalina.startup.VersionLoggerListener.log Command line argument: -Dorg.apache.catalina.security.SecurityListener.UMASK=0027
01-Jan-2021 18:37:27.451 INFO [main] org.apache.catalina.startup.VersionLoggerListener.log Command line argument: -Dignore.endorsed.dirs=
01-Jan-2021 18:37:27.451 INFO [main] org.apache.catalina.startup.VersionLoggerListener.log Command line argument: -Dcatalina.base=/home/enisonoliveira/Documentos/sicredi/apache-tomcat-9.0.29
01-Jan-2021 18:37:27.451 INFO [main] org.apache.catalina.startup.VersionLoggerListener.log Command line argument: -Dcatalina.home=/home/enisonoliveira/Documentos/sicredi/apache-tomcat-9.0.29
01-Jan-2021 18:37:27.451 INFO [main] org.apache.catalina.startup.VersionLoggerListener.log Command line argument: -Djava.io.tmpdir=/home/enisonoliveira/Documentos/sicredi/apache-tomcat-9.0.29/temp
01-Jan-2021 18:37:27.451 INFO [main] org.apache.catalina.core.AprLifecycleListener.lifecycleEvent The APR based Apache Tomcat Native library which allows optimal performance in production environments was not found on the java.library.path: [/usr/java/packages/lib:/usr/lib64:/lib64:/lib:/usr/lib]
01-Jan-2021 18:37:28.513 INFO [main] org.apache.coyote.AbstractProtocol.init Initializing ProtocolHandler ["http-nio-8080"]
01-Jan-2021 18:37:28.590 INFO [main] org.apache.coyote.AbstractProtocol.init Initializing ProtocolHandler ["ajp-nio-8009"]
01-Jan-2021 18:37:28.606 INFO [main] org.apache.catalina.startup.Catalina.load Server initialization in [2.671] milliseconds
01-Jan-2021 18:37:28.905 INFO [main] org.apache.catalina.core.StandardService.startInternal Starting service [Catalina]
01-Jan-2021 18:37:28.906 INFO [main] org.apache.catalina.core.StandardEngine.startInternal Starting Servlet engine: [Apache Tomcat/9.0.29]
01-Jan-2021 18:37:28.981 INFO [main] org.apache.catalina.startup.HostConfig.deployWAR Deploying web application archive [/home/enisonoliveira/Documentos/sicredi/apache-tomcat-9.0.29/webapps/sicredi-0.0.1-SNAPSHOT.war]
01-Jan-2021 18:37:29.139 INFO [main] org.apache.catalina.startup.ExpandWar.expand An expanded directory [/home/enisonoliveira/Documentos/sicredi/apache-tomcat-9.0.29/webapps/sicredi-0.0.1-SNAPSHOT] was found with a last modified time that did not match the associated WAR. It will be deleted.
01-Jan-2021 18:37:37.640 INFO [main] org.apache.jasper.servlet.TldScanner.scanJars At least one JAR was scanned for TLDs yet contained no TLDs. Enable debug logging for this logger for a complete list of JARs that were scanned but no TLDs were found in them. Skipping unneeded JARs during scanning can improve startup time and JSP compilation time.
01-Jan-2021 18:37:37.705 INFO [main] org.apache.catalina.startup.HostConfig.deployWAR Deployment of web application archive [/home/enisonoliveira/Documentos/sicredi/apache-tomcat-9.0.29/webapps/sicredi-0.0.1-SNAPSHOT.war] has finished in [8.724] ms
01-Jan-2021 18:37:37.706 INFO [main] org.apache.catalina.startup.HostConfig.deployDirectory Diretório de instalação da aplicação web [/home/enisonoliveira/Documentos/sicredi/apache-tomcat-9.0.29/webapps/host-manager]
01-Jan-2021 18:37:37.767 INFO [main] org.apache.catalina.startup.HostConfig.deployDirectory Deployment of web application directory [/home/enisonoliveira/Documentos/sicredi/apache-tomcat-9.0.29/webapps/host-manager] has finished in [60] ms
01-Jan-2021 18:37:37.769 INFO [main] org.apache.catalina.startup.HostConfig.deployDirectory Diretório de instalação da aplicação web [/home/enisonoliveira/Documentos/sicredi/apache-tomcat-9.0.29/webapps/ROOT]
01-Jan-2021 18:37:37.796 INFO [main] org.apache.catalina.startup.HostConfig.deployDirectory Deployment of web application directory [/home/enisonoliveira/Documentos/sicredi/apache-tomcat-9.0.29/webapps/ROOT] has finished in [26] ms
01-Jan-2021 18:37:37.796 INFO [main] org.apache.catalina.startup.HostConfig.deployDirectory Diretório de instalação da aplicação web [/home/enisonoliveira/Documentos/sicredi/apache-tomcat-9.0.29/webapps/docs]
01-Jan-2021 18:37:37.824 INFO [main] org.apache.catalina.startup.HostConfig.deployDirectory Deployment of web application directory [/home/enisonoliveira/Documentos/sicredi/apache-tomcat-9.0.29/webapps/docs] has finished in [28] ms
01-Jan-2021 18:37:37.825 INFO [main] org.apache.catalina.startup.HostConfig.deployDirectory Diretório de instalação da aplicação web [/home/enisonoliveira/Documentos/sicredi/apache-tomcat-9.0.29/webapps/examples]
01-Jan-2021 18:37:38.088 INFO [main] org.apache.catalina.startup.HostConfig.deployDirectory Deployment of web application directory [/home/enisonoliveira/Documentos/sicredi/apache-tomcat-9.0.29/webapps/examples] has finished in [263] ms
01-Jan-2021 18:37:38.089 INFO [main] org.apache.catalina.startup.HostConfig.deployDirectory Diretório de instalação da aplicação web [/home/enisonoliveira/Documentos/sicredi/apache-tomcat-9.0.29/webapps/manager]
01-Jan-2021 18:37:38.124 INFO [main] org.apache.catalina.startup.HostConfig.deployDirectory Deployment of web application directory [/home/enisonoliveira/Documentos/sicredi/apache-tomcat-9.0.29/webapps/manager] has finished in [35] ms
01-Jan-2021 18:37:38.131 INFO [main] org.apache.coyote.AbstractProtocol.start Starting ProtocolHandler ["http-nio-8080"]
01-Jan-2021 18:37:38.157 INFO [main] org.apache.coyote.AbstractProtocol.start Starting ProtocolHandler ["ajp-nio-8009"]
01-Jan-2021 18:37:38.185 INFO [main] org.apache.catalina.startup.Catalina.start Server startup in [9.575] milliseconds
01-Jan-2021 18:54:46.132 INFO [main] org.apache.catalina.core.StandardServer.await A valid shutdown command was received via the shutdown port. Stopping the Server instance.
01-Jan-2021 18:54:46.133 INFO [main] org.apache.coyote.AbstractProtocol.pause Pausing ProtocolHandler ["http-nio-8080"]
01-Jan-2021 18:54:46.138 INFO [main] org.apache.coyote.AbstractProtocol.pause Pausing ProtocolHandler ["ajp-nio-8009"]
01-Jan-2021 18:54:46.146 INFO [main] org.apache.catalina.core.StandardService.stopInternal Stopping service [Catalina]
NOTE: Picked up JDK_JAVA_OPTIONS:  --add-opens=java.base/java.lang=ALL-UNNAMED --add-opens=java.base/java.io=ALL-UNNAMED --add-opens=java.rmi/sun.rmi.transport=ALL-UNNAMED
01-Jan-2021 18:54:47.519 INFO [main] org.apache.coyote.AbstractProtocol.stop Stopping ProtocolHandler ["http-nio-8080"]
01-Jan-2021 18:54:47.529 INFO [main] org.apache.coyote.AbstractProtocol.stop Stopping ProtocolHandler ["ajp-nio-8009"]
01-Jan-2021 18:54:47.550 INFO [main] org.apache.coyote.AbstractProtocol.destroy Destroying ProtocolHandler ["http-nio-8080"]
01-Jan-2021 18:54:47.562 INFO [main] org.apache.coyote.AbstractProtocol.destroy Destroying ProtocolHandler ["ajp-nio-8009"]
01-Jan-2021 18:54:48.547 INFO [main] org.apache.catalina.startup.VersionLoggerListener.log Server version name:   Apache Tomcat/9.0.29
01-Jan-2021 18:54:48.559 INFO [main] org.apache.catalina.startup.VersionLoggerListener.log Server built:          Nov 16 2019 17:29:07 UTC
01-Jan-2021 18:54:48.560 INFO [main] org.apache.catalina.startup.VersionLoggerListener.log Server version number: 9.0.29.0
01-Jan-2021 18:54:48.562 INFO [main] org.apache.catalina.startup.VersionLoggerListener.log OS Name:               Linux
01-Jan-2021 18:54:48.563 INFO [main] org.apache.catalina.startup.VersionLoggerListener.log OS Version:            4.15.0-122-generic
01-Jan-2021 18:54:48.565 INFO [main] org.apache.catalina.startup.VersionLoggerListener.log Architecture:          amd64
01-Jan-2021 18:54:48.566 INFO [main] org.apache.catalina.startup.VersionLoggerListener.log Java Home:             /usr/lib/jvm/jdk-11.0.5
01-Jan-2021 18:54:48.566 INFO [main] org.apache.catalina.startup.VersionLoggerListener.log JVM Version:           11.0.5+10-LTS
01-Jan-2021 18:54:48.566 INFO [main] org.apache.catalina.startup.VersionLoggerListener.log JVM Vendor:            Oracle Corporation
01-Jan-2021 18:54:48.567 INFO [main] org.apache.catalina.startup.VersionLoggerListener.log CATALINA_BASE:         /home/enisonoliveira/Documentos/sicredi/apache-tomcat-9.0.29
01-Jan-2021 18:54:48.567 INFO [main] org.apache.catalina.startup.VersionLoggerListener.log CATALINA_HOME:         /home/enisonoliveira/Documentos/sicredi/apache-tomcat-9.0.29
01-Jan-2021 18:54:48.625 INFO [main] org.apache.catalina.startup.VersionLoggerListener.log Command line argument: --add-opens=java.base/java.lang=ALL-UNNAMED
01-Jan-2021 18:54:48.625 INFO [main] org.apache.catalina.startup.VersionLoggerListener.log Command line argument: --add-opens=java.base/java.io=ALL-UNNAMED
01-Jan-2021 18:54:48.631 INFO [main] org.apache.catalina.startup.VersionLoggerListener.log Command line argument: --add-opens=java.rmi/sun.rmi.transport=ALL-UNNAMED
01-Jan-2021 18:54:48.631 INFO [main] org.apache.catalina.startup.VersionLoggerListener.log Command line argument: -Djava.util.logging.config.file=/home/enisonoliveira/Documentos/sicredi/apache-tomcat-9.0.29/conf/logging.properties
01-Jan-2021 18:54:48.631 INFO [main] org.apache.catalina.startup.VersionLoggerListener.log Command line argument: -Djava.util.logging.manager=org.apache.juli.ClassLoaderLogManager
01-Jan-2021 18:54:48.632 INFO [main] org.apache.catalina.startup.VersionLoggerListener.log Command line argument: -Djdk.tls.ephemeralDHKeySize=2048
01-Jan-2021 18:54:48.632 INFO [main] org.apache.catalina.startup.VersionLoggerListener.log Command line argument: -Djava.protocol.handler.pkgs=org.apache.catalina.webresources
01-Jan-2021 18:54:48.632 INFO [main] org.apache.catalina.startup.VersionLoggerListener.log Command line argument: -Dorg.apache.catalina.security.SecurityListener.UMASK=0027
01-Jan-2021 18:54:48.632 INFO [main] org.apache.catalina.startup.VersionLoggerListener.log Command line argument: -Dignore.endorsed.dirs=
01-Jan-2021 18:54:48.632 INFO [main] org.apache.catalina.startup.VersionLoggerListener.log Command line argument: -Dcatalina.base=/home/enisonoliveira/Documentos/sicredi/apache-tomcat-9.0.29
01-Jan-2021 18:54:48.632 INFO [main] org.apache.catalina.startup.VersionLoggerListener.log Command line argument: -Dcatalina.home=/home/enisonoliveira/Documentos/sicredi/apache-tomcat-9.0.29
01-Jan-2021 18:54:48.633 INFO [main] org.apache.catalina.startup.VersionLoggerListener.log Command line argument: -Djava.io.tmpdir=/home/enisonoliveira/Documentos/sicredi/apache-tomcat-9.0.29/temp
01-Jan-2021 18:54:48.633 INFO [main] org.apache.catalina.core.AprLifecycleListener.lifecycleEvent The APR based Apache Tomcat Native library which allows optimal performance in production environments was not found on the java.library.path: [/usr/java/packages/lib:/usr/lib64:/lib64:/lib:/usr/lib]
01-Jan-2021 18:54:49.401 INFO [main] org.apache.coyote.AbstractProtocol.init Initializing ProtocolHandler ["http-nio-8080"]
01-Jan-2021 18:54:49.545 INFO [main] org.apache.coyote.AbstractProtocol.init Initializing ProtocolHandler ["ajp-nio-8009"]
01-Jan-2021 18:54:49.551 INFO [main] org.apache.catalina.startup.Catalina.load Server initialization in [1.949] milliseconds
01-Jan-2021 18:54:49.788 INFO [main] org.apache.catalina.core.StandardService.startInternal Starting service [Catalina]
01-Jan-2021 18:54:49.793 INFO [main] org.apache.catalina.core.StandardEngine.startInternal Starting Servlet engine: [Apache Tomcat/9.0.29]
01-Jan-2021 18:54:49.849 INFO [main] org.apache.catalina.startup.HostConfig.deployWAR Deploying web application archive [/home/enisonoliveira/Documentos/sicredi/apache-tomcat-9.0.29/webapps/sicredi-0.0.1-SNAPSHOT.war]
01-Jan-2021 18:54:49.932 INFO [main] org.apache.catalina.startup.ExpandWar.expand An expanded directory [/home/enisonoliveira/Documentos/sicredi/apache-tomcat-9.0.29/webapps/sicredi-0.0.1-SNAPSHOT] was found with a last modified time that did not match the associated WAR. It will be deleted.
01-Jan-2021 18:54:56.381 INFO [main] org.apache.jasper.servlet.TldScanner.scanJars At least one JAR was scanned for TLDs yet contained no TLDs. Enable debug logging for this logger for a complete list of JARs that were scanned but no TLDs were found in them. Skipping unneeded JARs during scanning can improve startup time and JSP compilation time.
01-Jan-2021 18:54:56.857 WARNING [main] org.apache.catalina.util.SessionIdGeneratorBase.createSecureRandom Creation of SecureRandom instance for session ID generation using [SHA1PRNG] took [172] milliseconds.
01-Jan-2021 18:54:57.189 INFO [main] org.apache.catalina.startup.HostConfig.deployWAR Deployment of web application archive [/home/enisonoliveira/Documentos/sicredi/apache-tomcat-9.0.29/webapps/sicredi-0.0.1-SNAPSHOT.war] has finished in [7.340] ms
01-Jan-2021 18:54:57.191 INFO [main] org.apache.catalina.startup.HostConfig.deployDirectory Diretório de instalação da aplicação web [/home/enisonoliveira/Documentos/sicredi/apache-tomcat-9.0.29/webapps/host-manager]
01-Jan-2021 18:54:57.363 INFO [main] org.apache.catalina.startup.HostConfig.deployDirectory Deployment of web application directory [/home/enisonoliveira/Documentos/sicredi/apache-tomcat-9.0.29/webapps/host-manager] has finished in [172] ms
01-Jan-2021 18:54:57.364 INFO [main] org.apache.catalina.startup.HostConfig.deployDirectory Diretório de instalação da aplicação web [/home/enisonoliveira/Documentos/sicredi/apache-tomcat-9.0.29/webapps/ROOT]
01-Jan-2021 18:54:57.411 INFO [main] org.apache.catalina.startup.HostConfig.deployDirectory Deployment of web application directory [/home/enisonoliveira/Documentos/sicredi/apache-tomcat-9.0.29/webapps/ROOT] has finished in [46] ms
01-Jan-2021 18:54:57.411 INFO [main] org.apache.catalina.startup.HostConfig.deployDirectory Diretório de instalação da aplicação web [/home/enisonoliveira/Documentos/sicredi/apache-tomcat-9.0.29/webapps/docs]
01-Jan-2021 18:54:57.476 INFO [main] org.apache.catalina.startup.HostConfig.deployDirectory Deployment of web application directory [/home/enisonoliveira/Documentos/sicredi/apache-tomcat-9.0.29/webapps/docs] has finished in [65] ms
01-Jan-2021 18:54:57.487 INFO [main] org.apache.catalina.startup.HostConfig.deployDirectory Diretório de instalação da aplicação web [/home/enisonoliveira/Documentos/sicredi/apache-tomcat-9.0.29/webapps/examples]
01-Jan-2021 18:55:04.845 INFO [main] org.apache.catalina.startup.HostConfig.deployDirectory Deployment of web application directory [/home/enisonoliveira/Documentos/sicredi/apache-tomcat-9.0.29/webapps/examples] has finished in [7.358] ms
01-Jan-2021 18:55:04.845 INFO [main] org.apache.catalina.startup.HostConfig.deployDirectory Diretório de instalação da aplicação web [/home/enisonoliveira/Documentos/sicredi/apache-tomcat-9.0.29/webapps/manager]
01-Jan-2021 18:55:04.949 INFO [main] org.apache.catalina.startup.HostConfig.deployDirectory Deployment of web application directory [/home/enisonoliveira/Documentos/sicredi/apache-tomcat-9.0.29/webapps/manager] has finished in [103] ms
01-Jan-2021 18:55:04.956 INFO [main] org.apache.coyote.AbstractProtocol.start Starting ProtocolHandler ["http-nio-8080"]
01-Jan-2021 18:55:04.981 INFO [main] org.apache.coyote.AbstractProtocol.start Starting ProtocolHandler ["ajp-nio-8009"]
01-Jan-2021 18:55:04.994 INFO [main] org.apache.catalina.startup.Catalina.start Server startup in [15.440] milliseconds
01-Jan-2021 19:00:26.112 INFO [main] org.apache.catalina.core.StandardServer.await A valid shutdown command was received via the shutdown port. Stopping the Server instance.
01-Jan-2021 19:00:26.335 INFO [main] org.apache.coyote.AbstractProtocol.pause Pausing ProtocolHandler ["http-nio-8080"]
01-Jan-2021 19:00:26.346 INFO [main] org.apache.coyote.AbstractProtocol.pause Pausing ProtocolHandler ["ajp-nio-8009"]
01-Jan-2021 19:00:26.349 INFO [main] org.apache.catalina.core.StandardService.stopInternal Stopping service [Catalina]
01-Jan-2021 19:00:27.164 INFO [main] org.apache.coyote.AbstractProtocol.stop Stopping ProtocolHandler ["http-nio-8080"]
01-Jan-2021 19:00:27.173 INFO [main] org.apache.coyote.AbstractProtocol.stop Stopping ProtocolHandler ["ajp-nio-8009"]
01-Jan-2021 19:00:27.177 INFO [main] org.apache.coyote.AbstractProtocol.destroy Destroying ProtocolHandler ["http-nio-8080"]
01-Jan-2021 19:00:27.179 INFO [main] org.apache.coyote.AbstractProtocol.destroy Destroying ProtocolHandler ["ajp-nio-8009"]
NOTE: Picked up JDK_JAVA_OPTIONS:  --add-opens=java.base/java.lang=ALL-UNNAMED --add-opens=java.base/java.io=ALL-UNNAMED --add-opens=java.rmi/sun.rmi.transport=ALL-UNNAMED
01-Jan-2021 19:00:28.981 INFO [main] org.apache.catalina.startup.VersionLoggerListener.log Server version name:   Apache Tomcat/9.0.29
01-Jan-2021 19:00:28.991 INFO [main] org.apache.catalina.startup.VersionLoggerListener.log Server built:          Nov 16 2019 17:29:07 UTC
01-Jan-2021 19:00:28.992 INFO [main] org.apache.catalina.startup.VersionLoggerListener.log Server version number: 9.0.29.0
01-Jan-2021 19:00:28.993 INFO [main] org.apache.catalina.startup.VersionLoggerListener.log OS Name:               Linux
01-Jan-2021 19:00:28.995 INFO [main] org.apache.catalina.startup.VersionLoggerListener.log OS Version:            4.15.0-122-generic
01-Jan-2021 19:00:28.996 INFO [main] org.apache.catalina.startup.VersionLoggerListener.log Architecture:          amd64
01-Jan-2021 19:00:28.996 INFO [main] org.apache.catalina.startup.VersionLoggerListener.log Java Home:             /usr/lib/jvm/jdk-11.0.5
01-Jan-2021 19:00:28.996 INFO [main] org.apache.catalina.startup.VersionLoggerListener.log JVM Version:           11.0.5+10-LTS
01-Jan-2021 19:00:28.997 INFO [main] org.apache.catalina.startup.VersionLoggerListener.log JVM Vendor:            Oracle Corporation
01-Jan-2021 19:00:28.997 INFO [main] org.apache.catalina.startup.VersionLoggerListener.log CATALINA_BASE:         /home/enisonoliveira/Documentos/sicredi/apache-tomcat-9.0.29
01-Jan-2021 19:00:28.997 INFO [main] org.apache.catalina.startup.VersionLoggerListener.log CATALINA_HOME:         /home/enisonoliveira/Documentos/sicredi/apache-tomcat-9.0.29
01-Jan-2021 19:00:29.019 INFO [main] org.apache.catalina.startup.VersionLoggerListener.log Command line argument: --add-opens=java.base/java.lang=ALL-UNNAMED
01-Jan-2021 19:00:29.021 INFO [main] org.apache.catalina.startup.VersionLoggerListener.log Command line argument: --add-opens=java.base/java.io=ALL-UNNAMED
01-Jan-2021 19:00:29.021 INFO [main] org.apache.catalina.startup.VersionLoggerListener.log Command line argument: --add-opens=java.rmi/sun.rmi.transport=ALL-UNNAMED
01-Jan-2021 19:00:29.022 INFO [main] org.apache.catalina.startup.VersionLoggerListener.log Command line argument: -Djava.util.logging.config.file=/home/enisonoliveira/Documentos/sicredi/apache-tomcat-9.0.29/conf/logging.properties
01-Jan-2021 19:00:29.022 INFO [main] org.apache.catalina.startup.VersionLoggerListener.log Command line argument: -Djava.util.logging.manager=org.apache.juli.ClassLoaderLogManager
01-Jan-2021 19:00:29.022 INFO [main] org.apache.catalina.startup.VersionLoggerListener.log Command line argument: -Djdk.tls.ephemeralDHKeySize=2048
01-Jan-2021 19:00:29.024 INFO [main] org.apache.catalina.startup.VersionLoggerListener.log Command line argument: -Djava.protocol.handler.pkgs=org.apache.catalina.webresources
01-Jan-2021 19:00:29.025 INFO [main] org.apache.catalina.startup.VersionLoggerListener.log Command line argument: -Dorg.apache.catalina.security.SecurityListener.UMASK=0027
01-Jan-2021 19:00:29.026 INFO [main] org.apache.catalina.startup.VersionLoggerListener.log Command line argument: -Dignore.endorsed.dirs=
01-Jan-2021 19:00:29.026 INFO [main] org.apache.catalina.startup.VersionLoggerListener.log Command line argument: -Dcatalina.base=/home/enisonoliveira/Documentos/sicredi/apache-tomcat-9.0.29
01-Jan-2021 19:00:29.026 INFO [main] org.apache.catalina.startup.VersionLoggerListener.log Command line argument: -Dcatalina.home=/home/enisonoliveira/Documentos/sicredi/apache-tomcat-9.0.29
01-Jan-2021 19:00:29.026 INFO [main] org.apache.catalina.startup.VersionLoggerListener.log Command line argument: -Djava.io.tmpdir=/home/enisonoliveira/Documentos/sicredi/apache-tomcat-9.0.29/temp
01-Jan-2021 19:00:29.026 INFO [main] org.apache.catalina.core.AprLifecycleListener.lifecycleEvent The APR based Apache Tomcat Native library which allows optimal performance in production environments was not found on the java.library.path: [/usr/java/packages/lib:/usr/lib64:/lib64:/lib:/usr/lib]
01-Jan-2021 19:00:30.117 INFO [main] org.apache.coyote.AbstractProtocol.init Initializing ProtocolHandler ["http-nio-8080"]
01-Jan-2021 19:00:30.237 INFO [main] org.apache.coyote.AbstractProtocol.init Initializing ProtocolHandler ["ajp-nio-8009"]
01-Jan-2021 19:00:30.251 INFO [main] org.apache.catalina.startup.Catalina.load Server initialization in [2.218] milliseconds
01-Jan-2021 19:00:30.692 INFO [main] org.apache.catalina.core.StandardService.startInternal Starting service [Catalina]
01-Jan-2021 19:00:30.692 INFO [main] org.apache.catalina.core.StandardEngine.startInternal Starting Servlet engine: [Apache Tomcat/9.0.29]
01-Jan-2021 19:00:30.757 INFO [main] org.apache.catalina.startup.HostConfig.deployWAR Deploying web application archive [/home/enisonoliveira/Documentos/sicredi/apache-tomcat-9.0.29/webapps/sicredi-0.0.1-SNAPSHOT.war]
01-Jan-2021 19:00:30.860 INFO [main] org.apache.catalina.startup.ExpandWar.expand An expanded directory [/home/enisonoliveira/Documentos/sicredi/apache-tomcat-9.0.29/webapps/sicredi-0.0.1-SNAPSHOT] was found with a last modified time that did not match the associated WAR. It will be deleted.
01-Jan-2021 19:00:36.239 INFO [main] org.apache.jasper.servlet.TldScanner.scanJars At least one JAR was scanned for TLDs yet contained no TLDs. Enable debug logging for this logger for a complete list of JARs that were scanned but no TLDs were found in them. Skipping unneeded JARs during scanning can improve startup time and JSP compilation time.
01-Jan-2021 19:00:36.348 INFO [main] org.apache.catalina.startup.HostConfig.deployWAR Deployment of web application archive [/home/enisonoliveira/Documentos/sicredi/apache-tomcat-9.0.29/webapps/sicredi-0.0.1-SNAPSHOT.war] has finished in [5.591] ms
01-Jan-2021 19:00:36.349 INFO [main] org.apache.catalina.startup.HostConfig.deployDirectory Diretório de instalação da aplicação web [/home/enisonoliveira/Documentos/sicredi/apache-tomcat-9.0.29/webapps/host-manager]
01-Jan-2021 19:00:36.471 INFO [main] org.apache.catalina.startup.HostConfig.deployDirectory Deployment of web application directory [/home/enisonoliveira/Documentos/sicredi/apache-tomcat-9.0.29/webapps/host-manager] has finished in [122] ms
01-Jan-2021 19:00:36.480 INFO [main] org.apache.catalina.startup.HostConfig.deployDirectory Diretório de instalação da aplicação web [/home/enisonoliveira/Documentos/sicredi/apache-tomcat-9.0.29/webapps/ROOT]
01-Jan-2021 19:00:36.549 INFO [main] org.apache.catalina.startup.HostConfig.deployDirectory Deployment of web application directory [/home/enisonoliveira/Documentos/sicredi/apache-tomcat-9.0.29/webapps/ROOT] has finished in [70] ms
01-Jan-2021 19:00:36.550 INFO [main] org.apache.catalina.startup.HostConfig.deployDirectory Diretório de instalação da aplicação web [/home/enisonoliveira/Documentos/sicredi/apache-tomcat-9.0.29/webapps/docs]
01-Jan-2021 19:00:36.598 INFO [main] org.apache.catalina.startup.HostConfig.deployDirectory Deployment of web application directory [/home/enisonoliveira/Documentos/sicredi/apache-tomcat-9.0.29/webapps/docs] has finished in [48] ms
01-Jan-2021 19:00:36.599 INFO [main] org.apache.catalina.startup.HostConfig.deployDirectory Diretório de instalação da aplicação web [/home/enisonoliveira/Documentos/sicredi/apache-tomcat-9.0.29/webapps/examples]
01-Jan-2021 19:00:37.366 INFO [main] org.apache.catalina.startup.HostConfig.deployDirectory Deployment of web application directory [/home/enisonoliveira/Documentos/sicredi/apache-tomcat-9.0.29/webapps/examples] has finished in [767] ms
01-Jan-2021 19:00:37.367 INFO [main] org.apache.catalina.startup.HostConfig.deployDirectory Diretório de instalação da aplicação web [/home/enisonoliveira/Documentos/sicredi/apache-tomcat-9.0.29/webapps/manager]
01-Jan-2021 19:00:37.456 INFO [main] org.apache.catalina.startup.HostConfig.deployDirectory Deployment of web application directory [/home/enisonoliveira/Documentos/sicredi/apache-tomcat-9.0.29/webapps/manager] has finished in [88] ms
01-Jan-2021 19:00:37.465 INFO [main] org.apache.coyote.AbstractProtocol.start Starting ProtocolHandler ["http-nio-8080"]
01-Jan-2021 19:00:37.532 INFO [main] org.apache.coyote.AbstractProtocol.start Starting ProtocolHandler ["ajp-nio-8009"]
01-Jan-2021 19:00:37.569 INFO [main] org.apache.catalina.startup.Catalina.start Server startup in [7.317] milliseconds
01-Jan-2021 19:01:02.797 INFO [main] org.apache.catalina.core.StandardServer.await A valid shutdown command was received via the shutdown port. Stopping the Server instance.
01-Jan-2021 19:01:02.798 INFO [main] org.apache.coyote.AbstractProtocol.pause Pausing ProtocolHandler ["http-nio-8080"]
01-Jan-2021 19:01:02.832 INFO [main] org.apache.coyote.AbstractProtocol.pause Pausing ProtocolHandler ["ajp-nio-8009"]
01-Jan-2021 19:01:02.839 INFO [main] org.apache.catalina.core.StandardService.stopInternal Stopping service [Catalina]
NOTE: Picked up JDK_JAVA_OPTIONS:  --add-opens=java.base/java.lang=ALL-UNNAMED --add-opens=java.base/java.io=ALL-UNNAMED --add-opens=java.rmi/sun.rmi.transport=ALL-UNNAMED
01-Jan-2021 19:01:02.931 INFO [main] org.apache.coyote.AbstractProtocol.stop Stopping ProtocolHandler ["http-nio-8080"]
01-Jan-2021 19:01:02.937 INFO [main] org.apache.coyote.AbstractProtocol.stop Stopping ProtocolHandler ["ajp-nio-8009"]
01-Jan-2021 19:01:02.949 INFO [main] org.apache.coyote.AbstractProtocol.destroy Destroying ProtocolHandler ["http-nio-8080"]
01-Jan-2021 19:01:02.951 INFO [main] org.apache.coyote.AbstractProtocol.destroy Destroying ProtocolHandler ["ajp-nio-8009"]
01-Jan-2021 19:01:03.884 INFO [main] org.apache.catalina.startup.VersionLoggerListener.log Server version name:   Apache Tomcat/9.0.29
01-Jan-2021 19:01:03.896 INFO [main] org.apache.catalina.startup.VersionLoggerListener.log Server built:          Nov 16 2019 17:29:07 UTC
01-Jan-2021 19:01:03.898 INFO [main] org.apache.catalina.startup.VersionLoggerListener.log Server version number: 9.0.29.0
01-Jan-2021 19:01:03.898 INFO [main] org.apache.catalina.startup.VersionLoggerListener.log OS Name:               Linux
01-Jan-2021 19:01:03.899 INFO [main] org.apache.catalina.startup.VersionLoggerListener.log OS Version:            4.15.0-122-generic
01-Jan-2021 19:01:03.899 INFO [main] org.apache.catalina.startup.VersionLoggerListener.log Architecture:          amd64
01-Jan-2021 19:01:03.899 INFO [main] org.apache.catalina.startup.VersionLoggerListener.log Java Home:             /usr/lib/jvm/jdk-11.0.5
01-Jan-2021 19:01:03.899 INFO [main] org.apache.catalina.startup.VersionLoggerListener.log JVM Version:           11.0.5+10-LTS
01-Jan-2021 19:01:03.900 INFO [main] org.apache.catalina.startup.VersionLoggerListener.log JVM Vendor:            Oracle Corporation
01-Jan-2021 19:01:03.900 INFO [main] org.apache.catalina.startup.VersionLoggerListener.log CATALINA_BASE:         /home/enisonoliveira/Documentos/sicredi/apache-tomcat-9.0.29
01-Jan-2021 19:01:03.900 INFO [main] org.apache.catalina.startup.VersionLoggerListener.log CATALINA_HOME:         /home/enisonoliveira/Documentos/sicredi/apache-tomcat-9.0.29
01-Jan-2021 19:01:03.928 INFO [main] org.apache.catalina.startup.VersionLoggerListener.log Command line argument: --add-opens=java.base/java.lang=ALL-UNNAMED
01-Jan-2021 19:01:03.928 INFO [main] org.apache.catalina.startup.VersionLoggerListener.log Command line argument: --add-opens=java.base/java.io=ALL-UNNAMED
01-Jan-2021 19:01:03.929 INFO [main] org.apache.catalina.startup.VersionLoggerListener.log Command line argument: --add-opens=java.rmi/sun.rmi.transport=ALL-UNNAMED
01-Jan-2021 19:01:03.929 INFO [main] org.apache.catalina.startup.VersionLoggerListener.log Command line argument: -Djava.util.logging.config.file=/home/enisonoliveira/Documentos/sicredi/apache-tomcat-9.0.29/conf/logging.properties
01-Jan-2021 19:01:03.929 INFO [main] org.apache.catalina.startup.VersionLoggerListener.log Command line argument: -Djava.util.logging.manager=org.apache.juli.ClassLoaderLogManager
01-Jan-2021 19:01:03.929 INFO [main] org.apache.catalina.startup.VersionLoggerListener.log Command line argument: -Djdk.tls.ephemeralDHKeySize=2048
01-Jan-2021 19:01:03.930 INFO [main] org.apache.catalina.startup.VersionLoggerListener.log Command line argument: -Djava.protocol.handler.pkgs=org.apache.catalina.webresources
01-Jan-2021 19:01:03.930 INFO [main] org.apache.catalina.startup.VersionLoggerListener.log Command line argument: -Dorg.apache.catalina.security.SecurityListener.UMASK=0027
01-Jan-2021 19:01:03.930 INFO [main] org.apache.catalina.startup.VersionLoggerListener.log Command line argument: -Dignore.endorsed.dirs=
01-Jan-2021 19:01:03.930 INFO [main] org.apache.catalina.startup.VersionLoggerListener.log Command line argument: -Dcatalina.base=/home/enisonoliveira/Documentos/sicredi/apache-tomcat-9.0.29
01-Jan-2021 19:01:03.931 INFO [main] org.apache.catalina.startup.VersionLoggerListener.log Command line argument: -Dcatalina.home=/home/enisonoliveira/Documentos/sicredi/apache-tomcat-9.0.29
01-Jan-2021 19:01:03.931 INFO [main] org.apache.catalina.startup.VersionLoggerListener.log Command line argument: -Djava.io.tmpdir=/home/enisonoliveira/Documentos/sicredi/apache-tomcat-9.0.29/temp
01-Jan-2021 19:01:03.931 INFO [main] org.apache.catalina.core.AprLifecycleListener.lifecycleEvent The APR based Apache Tomcat Native library which allows optimal performance in production environments was not found on the java.library.path: [/usr/java/packages/lib:/usr/lib64:/lib64:/lib:/usr/lib]
01-Jan-2021 19:01:04.673 INFO [main] org.apache.coyote.AbstractProtocol.init Initializing ProtocolHandler ["http-nio-8080"]
01-Jan-2021 19:01:04.750 INFO [main] org.apache.coyote.AbstractProtocol.init Initializing ProtocolHandler ["ajp-nio-8009"]
01-Jan-2021 19:01:04.774 INFO [main] org.apache.catalina.startup.Catalina.load Server initialization in [1.349] milliseconds
01-Jan-2021 19:01:04.905 INFO [main] org.apache.catalina.core.StandardService.startInternal Starting service [Catalina]
01-Jan-2021 19:01:04.905 INFO [main] org.apache.catalina.core.StandardEngine.startInternal Starting Servlet engine: [Apache Tomcat/9.0.29]
01-Jan-2021 19:01:04.944 INFO [main] org.apache.catalina.startup.HostConfig.deployWAR Deploying web application archive [/home/enisonoliveira/Documentos/sicredi/apache-tomcat-9.0.29/webapps/sicredi-0.0.1-SNAPSHOT.war]
01-Jan-2021 19:01:09.313 INFO [main] org.apache.jasper.servlet.TldScanner.scanJars At least one JAR was scanned for TLDs yet contained no TLDs. Enable debug logging for this logger for a complete list of JARs that were scanned but no TLDs were found in them. Skipping unneeded JARs during scanning can improve startup time and JSP compilation time.
01-Jan-2021 19:01:09.389 INFO [main] org.apache.catalina.startup.HostConfig.deployWAR Deployment of web application archive [/home/enisonoliveira/Documentos/sicredi/apache-tomcat-9.0.29/webapps/sicredi-0.0.1-SNAPSHOT.war] has finished in [4.444] ms
01-Jan-2021 19:01:09.392 INFO [main] org.apache.catalina.startup.HostConfig.deployWAR Deploying web application archive [/home/enisonoliveira/Documentos/sicredi/apache-tomcat-9.0.29/webapps/sicredi.war]
01-Jan-2021 19:01:12.484 INFO [main] org.apache.jasper.servlet.TldScanner.scanJars At least one JAR was scanned for TLDs yet contained no TLDs. Enable debug logging for this logger for a complete list of JARs that were scanned but no TLDs were found in them. Skipping unneeded JARs during scanning can improve startup time and JSP compilation time.
01-Jan-2021 19:01:12.496 INFO [main] org.apache.catalina.startup.HostConfig.deployWAR Deployment of web application archive [/home/enisonoliveira/Documentos/sicredi/apache-tomcat-9.0.29/webapps/sicredi.war] has finished in [3.103] ms
01-Jan-2021 19:01:12.497 INFO [main] org.apache.catalina.startup.HostConfig.deployDirectory Diretório de instalação da aplicação web [/home/enisonoliveira/Documentos/sicredi/apache-tomcat-9.0.29/webapps/host-manager]
01-Jan-2021 19:01:12.548 INFO [main] org.apache.catalina.startup.HostConfig.deployDirectory Deployment of web application directory [/home/enisonoliveira/Documentos/sicredi/apache-tomcat-9.0.29/webapps/host-manager] has finished in [51] ms
01-Jan-2021 19:01:12.549 INFO [main] org.apache.catalina.startup.HostConfig.deployDirectory Diretório de instalação da aplicação web [/home/enisonoliveira/Documentos/sicredi/apache-tomcat-9.0.29/webapps/ROOT]
01-Jan-2021 19:01:12.584 INFO [main] org.apache.catalina.startup.HostConfig.deployDirectory Deployment of web application directory [/home/enisonoliveira/Documentos/sicredi/apache-tomcat-9.0.29/webapps/ROOT] has finished in [34] ms
01-Jan-2021 19:01:12.584 INFO [main] org.apache.catalina.startup.HostConfig.deployDirectory Diretório de instalação da aplicação web [/home/enisonoliveira/Documentos/sicredi/apache-tomcat-9.0.29/webapps/docs]
01-Jan-2021 19:01:12.612 INFO [main] org.apache.catalina.startup.HostConfig.deployDirectory Deployment of web application directory [/home/enisonoliveira/Documentos/sicredi/apache-tomcat-9.0.29/webapps/docs] has finished in [28] ms
01-Jan-2021 19:01:12.613 INFO [main] org.apache.catalina.startup.HostConfig.deployDirectory Diretório de instalação da aplicação web [/home/enisonoliveira/Documentos/sicredi/apache-tomcat-9.0.29/webapps/examples]
01-Jan-2021 19:01:12.874 INFO [main] org.apache.catalina.startup.HostConfig.deployDirectory Deployment of web application directory [/home/enisonoliveira/Documentos/sicredi/apache-tomcat-9.0.29/webapps/examples] has finished in [262] ms
01-Jan-2021 19:01:12.875 INFO [main] org.apache.catalina.startup.HostConfig.deployDirectory Diretório de instalação da aplicação web [/home/enisonoliveira/Documentos/sicredi/apache-tomcat-9.0.29/webapps/manager]
01-Jan-2021 19:01:12.942 INFO [main] org.apache.catalina.startup.HostConfig.deployDirectory Deployment of web application directory [/home/enisonoliveira/Documentos/sicredi/apache-tomcat-9.0.29/webapps/manager] has finished in [68] ms
01-Jan-2021 19:01:12.947 INFO [main] org.apache.coyote.AbstractProtocol.start Starting ProtocolHandler ["http-nio-8080"]
01-Jan-2021 19:01:12.974 INFO [main] org.apache.coyote.AbstractProtocol.start Starting ProtocolHandler ["ajp-nio-8009"]
01-Jan-2021 19:01:13.008 INFO [main] org.apache.catalina.startup.Catalina.start Server startup in [8.231] milliseconds
01-Jan-2021 19:01:25.049 INFO [http-nio-8080-exec-3] org.apache.catalina.core.StandardContext.reload Reloading Context with name [/sicredi] has started
01-Jan-2021 19:01:27.119 INFO [http-nio-8080-exec-3] org.apache.jasper.servlet.TldScanner.scanJars At least one JAR was scanned for TLDs yet contained no TLDs. Enable debug logging for this logger for a complete list of JARs that were scanned but no TLDs were found in them. Skipping unneeded JARs during scanning can improve startup time and JSP compilation time.
01-Jan-2021 19:01:27.128 INFO [http-nio-8080-exec-3] org.apache.catalina.core.StandardContext.reload Reloading Context with name [/sicredi] is completed
